Determining if the function sgemm_ exists failed with the following output:
Change Dir: /home/ubuntu/ros2-slam-basic/build/slam_toolbox/CMakeFiles/CMakeTmp

Run Build Command(s):/usr/bin/gmake -f Makefile cmTC_a4707/fast && /usr/bin/gmake  -f CMakeFiles/cmTC_a4707.dir/build.make CMakeFiles/cmTC_a4707.dir/build
gmake[1]: Entering directory '/home/ubuntu/ros2-slam-basic/build/slam_toolbox/CMakeFiles/CMakeTmp'
Building C object CMakeFiles/cmTC_a4707.dir/CheckFunctionExists.c.o
/usr/bin/cc   -DCHECK_FUNCTION_EXISTS=sgemm_ -o CMakeFiles/cmTC_a4707.dir/CheckFunctionExists.c.o -c /usr/share/cmake-3.22/Modules/CheckFunctionExists.c
Linking C executable cmTC_a4707
/usr/bin/cmake -E cmake_link_script CMakeFiles/cmTC_a4707.dir/link.txt --verbose=1
/usr/bin/cc  -DCHECK_FUNCTION_EXISTS=sgemm_ CMakeFiles/cmTC_a4707.dir/CheckFunctionExists.c.o -o cmTC_a4707 
/usr/bin/ld: CMakeFiles/cmTC_a4707.dir/CheckFunctionExists.c.o: in function `main':
CheckFunctionExists.c:(.text+0x10): undefined reference to `sgemm_'
collect2: error: ld returned 1 exit status
gmake[1]: *** [CMakeFiles/cmTC_a4707.dir/build.make:99: cmTC_a4707] Error 1
gmake[1]: Leaving directory '/home/ubuntu/ros2-slam-basic/build/slam_toolbox/CMakeFiles/CMakeTmp'
gmake: *** [Makefile:127: cmTC_a4707/fast] Error 2



Determining if the function cheev_ exists failed with the following output:
Change Dir: /home/ubuntu/ros2-slam-basic/build/slam_toolbox/CMakeFiles/CMakeTmp

Run Build Command(s):/usr/bin/gmake -f Makefile cmTC_618e1/fast && /usr/bin/gmake  -f CMakeFiles/cmTC_618e1.dir/build.make CMakeFiles/cmTC_618e1.dir/build
gmake[1]: Entering directory '/home/ubuntu/ros2-slam-basic/build/slam_toolbox/CMakeFiles/CMakeTmp'
Building C object CMakeFiles/cmTC_618e1.dir/CheckFunctionExists.c.o
/usr/bin/cc   -DCHECK_FUNCTION_EXISTS=cheev_ -o CMakeFiles/cmTC_618e1.dir/CheckFunctionExists.c.o -c /usr/share/cmake-3.22/Modules/CheckFunctionExists.c
Linking C executable cmTC_618e1
/usr/bin/cmake -E cmake_link_script CMakeFiles/cmTC_618e1.dir/link.txt --verbose=1
/usr/bin/cc  -DCHECK_FUNCTION_EXISTS=cheev_ CMakeFiles/cmTC_618e1.dir/CheckFunctionExists.c.o -o cmTC_618e1  /usr/lib/aarch64-linux-gnu/libblas.so -lm -ldl 
/usr/bin/ld: CMakeFiles/cmTC_618e1.dir/CheckFunctionExists.c.o: in function `main':
CheckFunctionExists.c:(.text+0x10): undefined reference to `cheev_'
collect2: error: ld returned 1 exit status
gmake[1]: *** [CMakeFiles/cmTC_618e1.dir/build.make:100: cmTC_618e1] Error 1
gmake[1]: Leaving directory '/home/ubuntu/ros2-slam-basic/build/slam_toolbox/CMakeFiles/CMakeTmp'
gmake: *** [Makefile:127: cmTC_618e1/fast] Error 2



Determining if the function cheev_ exists failed with the following output:
Change Dir: /home/ubuntu/ros2-slam-basic/build/slam_toolbox/CMakeFiles/CMakeTmp

Run Build Command(s):/usr/bin/gmake -f Makefile cmTC_47802/fast && /usr/bin/gmake  -f CMakeFiles/cmTC_47802.dir/build.make CMakeFiles/cmTC_47802.dir/build
gmake[1]: Entering directory '/home/ubuntu/ros2-slam-basic/build/slam_toolbox/CMakeFiles/CMakeTmp'
Building C object CMakeFiles/cmTC_47802.dir/CheckFunctionExists.c.o
/usr/bin/cc   -DCHECK_FUNCTION_EXISTS=cheev_ -o CMakeFiles/cmTC_47802.dir/CheckFunctionExists.c.o -c /usr/share/cmake-3.22/Modules/CheckFunctionExists.c
Linking C executable cmTC_47802
/usr/bin/cmake -E cmake_link_script CMakeFiles/cmTC_47802.dir/link.txt --verbose=1
/usr/bin/cc  -DCHECK_FUNCTION_EXISTS=cheev_ CMakeFiles/cmTC_47802.dir/CheckFunctionExists.c.o -o cmTC_47802  /usr/lib/aarch64-linux-gnu/liblapack.so /usr/lib/aarch64-linux-gnu/libblas.so -fortranlibs 
cc: error: unrecognized command-line option ‘-fortranlibs’
gmake[1]: *** [CMakeFiles/cmTC_47802.dir/build.make:101: cmTC_47802] Error 1
gmake[1]: Leaving directory '/home/ubuntu/ros2-slam-basic/build/slam_toolbox/CMakeFiles/CMakeTmp'
gmake: *** [Makefile:127: cmTC_47802/fast] Error 2



