[0.087s] Invoking command in '/home/ubuntu/ros2-slam-basic/build/ld08_driver': CMAKE_PREFIX_PATH=${CMAKE_PREFIX_PATH}:/home/ubuntu/turtlebot3_ws/install/turtlebot3_teleop:/home/ubuntu/turtlebot3_ws/install/turtlebot3_example:/opt/ros/humble /usr/bin/cmake /home/ubuntu/ros2-slam-basic/src/ld08_driver -DCMAKE_INSTALL_PREFIX=/home/ubuntu/ros2-slam-basic/install/ld08_driver
[0.388s] -- The C compiler identification is GNU 11.4.0
[0.710s] -- The CXX compiler identification is GNU 11.4.0
[0.765s] -- Detecting C compiler ABI info
[1.302s] -- Detecting C compiler ABI info - done
[1.365s] -- Check for working C compiler: /usr/bin/cc - skipped
[1.367s] -- Detecting C compile features
[1.371s] -- Detecting C compile features - done
[1.396s] -- Detecting CXX compiler ABI info
[2.025s] -- Detecting CXX compiler ABI info - done
[2.084s] -- Check for working CXX compiler: /usr/bin/c++ - skipped
[2.086s] -- Detecting CXX compile features
[2.103s] -- Detecting CXX compile features - done
[2.151s] -- Found ament_cmake: 1.3.11 (/opt/ros/humble/share/ament_cmake/cmake)
[3.705s] -- Found Python3: /usr/bin/python3 (found version "3.10.12") found components: Interpreter 
[4.952s] -- Found rclcpp: 16.0.12 (/opt/ros/humble/share/rclcpp/cmake)
[5.683s] -- Found rosidl_generator_c: 3.1.6 (/opt/ros/humble/share/rosidl_generator_c/cmake)
[5.754s] -- Found rosidl_adapter: 3.1.6 (/opt/ros/humble/share/rosidl_adapter/cmake)
[5.841s] -- Found rosidl_generator_cpp: 3.1.6 (/opt/ros/humble/share/rosidl_generator_cpp/cmake)
[5.951s] -- Using all available rosidl_typesupport_c: rosidl_typesupport_fastrtps_c;rosidl_typesupport_introspection_c
[6.104s] -- Using all available rosidl_typesupport_cpp: rosidl_typesupport_fastrtps_cpp;rosidl_typesupport_introspection_cpp
[6.821s] -- Found rmw_implementation_cmake: 6.1.2 (/opt/ros/humble/share/rmw_implementation_cmake/cmake)
[6.895s] -- Found rmw_fastrtps_cpp: 6.2.7 (/opt/ros/humble/share/rmw_fastrtps_cpp/cmake)
[7.897s] -- Found OpenSSL: /usr/lib/aarch64-linux-gnu/libcrypto.so (found version "3.0.2")  
[8.277s] -- Found FastRTPS: /opt/ros/humble/include  
[8.711s] -- Using RMW implementation 'rmw_fastrtps_cpp' as default
[8.872s] -- Looking for pthread.h
[9.379s] -- Looking for pthread.h - found
[9.383s] -- Performing Test CMAKE_HAVE_LIBC_PTHREAD
[9.842s] -- Performing Test CMAKE_HAVE_LIBC_PTHREAD - Success
[9.850s] -- Found Threads: TRUE  
[10.583s] -- Found sensor_msgs: 4.8.0 (/opt/ros/humble/share/sensor_msgs/cmake)
[11.150s] -- Found Boost: /usr/lib/aarch64-linux-gnu/cmake/Boost-1.74.0/BoostConfig.cmake (found version "1.74.0") found components: system 
[11.696s] -- Configuring done
[11.828s] -- Generating done
[11.850s] -- Build files have been written to: /home/ubuntu/ros2-slam-basic/build/ld08_driver
[11.911s] Invoked command in '/home/ubuntu/ros2-slam-basic/build/ld08_driver' returned '0': CMAKE_PREFIX_PATH=${CMAKE_PREFIX_PATH}:/home/ubuntu/turtlebot3_ws/install/turtlebot3_teleop:/home/ubuntu/turtlebot3_ws/install/turtlebot3_example:/opt/ros/humble /usr/bin/cmake /home/ubuntu/ros2-slam-basic/src/ld08_driver -DCMAKE_INSTALL_PREFIX=/home/ubuntu/ros2-slam-basic/install/ld08_driver
[11.928s] Invoking command in '/home/ubuntu/ros2-slam-basic/build/ld08_driver': CMAKE_PREFIX_PATH=${CMAKE_PREFIX_PATH}:/home/ubuntu/turtlebot3_ws/install/turtlebot3_teleop:/home/ubuntu/turtlebot3_ws/install/turtlebot3_example:/opt/ros/humble /usr/bin/cmake --build /home/ubuntu/ros2-slam-basic/build/ld08_driver -- -j4 -l4
[12.526s] [ 16%] [32mBuilding CXX object CMakeFiles/ld08_driver.dir/src/cmd_interface_linux.cpp.o[0m
[12.590s] [ 33%] [32mBuilding CXX object CMakeFiles/ld08_driver.dir/src/main.cpp.o[0m
[12.594s] [ 50%] [32mBuilding CXX object CMakeFiles/ld08_driver.dir/src/lipkg.cpp.o[0m
[12.607s] [ 66%] [32mBuilding CXX object CMakeFiles/ld08_driver.dir/src/slbf.cpp.o[0m
[27.298s] [ 83%] [32mBuilding CXX object CMakeFiles/ld08_driver.dir/src/transform.cpp.o[0m
[79.782s] [100%] [32m[1mLinking CXX executable ld08_driver[0m
[81.077s] gmake[2]: *** Deleting file 'ld08_driver'
[81.267s] gmake[2]: *** [CMakeFiles/ld08_driver.dir/build.make:240: ld08_driver] Interrupt
[81.308s] gmake[1]: *** [CMakeFiles/Makefile2:137: CMakeFiles/ld08_driver.dir/all] Interrupt
[81.444s] gmake: *** [Makefile:146: all] Interrupt
[81.554s] Invoked command in '/home/ubuntu/ros2-slam-basic/build/ld08_driver' returned '-2': CMAKE_PREFIX_PATH=${CMAKE_PREFIX_PATH}:/home/ubuntu/turtlebot3_ws/install/turtlebot3_teleop:/home/ubuntu/turtlebot3_ws/install/turtlebot3_example:/opt/ros/humble /usr/bin/cmake --build /home/ubuntu/ros2-slam-basic/build/ld08_driver -- -j4 -l4
