[35m[1mConsolidate compiler generated dependencies of target kartoSlamToolbox[0m
[35m[1mConsolidate compiler generated dependencies of target slam_toolbox__rosidl_generator_c[0m
[  0%] Built target slam_toolbox__cpp
[  0%] Built target ament_cmake_python_copy_slam_toolbox
[  9%] Built target slam_toolbox__rosidl_generator_c
[35m[1mConsolidate compiler generated dependencies of target slam_toolbox__rosidl_typesupport_cpp[0m
[35m[1mConsolidate compiler generated dependencies of target slam_toolbox__rosidl_typesupport_fastrtps_cpp[0m
[35m[1mConsolidate compiler generated dependencies of target slam_toolbox__rosidl_typesupport_introspection_cpp[0m
[ 18%] Built target slam_toolbox__rosidl_typesupport_cpp
[ 27%] Built target slam_toolbox__rosidl_typesupport_fastrtps_cpp
[ 36%] Built target slam_toolbox__rosidl_typesupport_introspection_cpp
[ 38%] Built target kartoSlamToolbox
[35m[1mConsolidate compiler generated dependencies of target SlamToolboxPlugin[0m
[35m[1mConsolidate compiler generated dependencies of target slam_toolbox__rosidl_typesupport_fastrtps_c[0m
[ 47%] Built target slam_toolbox__rosidl_typesupport_fastrtps_c
[35m[1mConsolidate compiler generated dependencies of target slam_toolbox__rosidl_typesupport_introspection_c[0m
[ 56%] Built target slam_toolbox__rosidl_typesupport_introspection_c
[35m[1mConsolidate compiler generated dependencies of target slam_toolbox__rosidl_typesupport_c[0m
[ 57%] [32mBuilding CXX object CMakeFiles/ceres_solver_plugin.dir/solvers/ceres_solver.cpp.o[0m
[ 59%] Built target SlamToolboxPlugin
[ 68%] Built target slam_toolbox__rosidl_typesupport_c
[35m[1mConsolidate compiler generated dependencies of target toolbox_common[0m
[ 68%] Built target slam_toolbox
[ 69%] [34m[1mGenerating Python code for ROS interfaces[0m
[ 70%] [32mBuilding CXX object CMakeFiles/toolbox_common.dir/src/slam_toolbox_common.cpp.o[0m
running egg_info
writing slam_toolbox.egg-info/PKG-INFO
writing dependency_links to slam_toolbox.egg-info/dependency_links.txt
writing top-level names to slam_toolbox.egg-info/top_level.txt
reading manifest file 'slam_toolbox.egg-info/SOURCES.txt'
writing manifest file 'slam_toolbox.egg-info/SOURCES.txt'
[ 70%] Built target ament_cmake_python_build_slam_toolbox_egg
[ 70%] Built target slam_toolbox__py
[ 70%] [32mBuilding C object CMakeFiles/slam_toolbox__rosidl_generator_py.dir/rosidl_generator_py/slam_toolbox/srv/_reset_s.c.o[0m
[ 71%] [32mBuilding C object CMakeFiles/slam_toolbox__rosidl_generator_py.dir/rosidl_generator_py/slam_toolbox/srv/_pause_s.c.o[0m
[ 72%] [32mBuilding C object CMakeFiles/slam_toolbox__rosidl_generator_py.dir/rosidl_generator_py/slam_toolbox/srv/_clear_queue_s.c.o[0m
[ 73%] [32mBuilding C object CMakeFiles/slam_toolbox__rosidl_generator_py.dir/rosidl_generator_py/slam_toolbox/srv/_toggle_interactive_s.c.o[0m
[ 73%] [32mBuilding C object CMakeFiles/slam_toolbox__rosidl_generator_py.dir/rosidl_generator_py/slam_toolbox/srv/_clear_s.c.o[0m
[ 74%] [32mBuilding C object CMakeFiles/slam_toolbox__rosidl_generator_py.dir/rosidl_generator_py/slam_toolbox/srv/_save_map_s.c.o[0m
[ 75%] [32mBuilding C object CMakeFiles/slam_toolbox__rosidl_generator_py.dir/rosidl_generator_py/slam_toolbox/srv/_loop_closure_s.c.o[0m
[ 75%] [32mBuilding C object CMakeFiles/slam_toolbox__rosidl_generator_py.dir/rosidl_generator_py/slam_toolbox/srv/_merge_maps_s.c.o[0m
[ 76%] [32mBuilding C object CMakeFiles/slam_toolbox__rosidl_generator_py.dir/rosidl_generator_py/slam_toolbox/srv/_add_submap_s.c.o[0m
[ 77%] [32mBuilding C object CMakeFiles/slam_toolbox__rosidl_generator_py.dir/rosidl_generator_py/slam_toolbox/srv/_deserialize_pose_graph_s.c.o[0m
In file included from [01m[K/home/ubuntu/ros2-slam-basic/src/slam_toolbox/solvers/ceres_solver.hpp:17[m[K,
                 from [01m[K/home/ubuntu/ros2-slam-basic/src/slam_toolbox/solvers/ceres_solver.cpp:9[m[K:
[01m[K/home/ubuntu/ros2-slam-basic/src/slam_toolbox/solvers/ceres_utils.h:10:10:[m[K [01;31m[Kfatal error: [m[Kceres/autodiff_manifold.h: No such file or directory
   10 | #include [01;31m[K<ceres/autodiff_manifold.h>[m[K
      |          [01;31m[K^~~~~~~~~~~~~~~~~~~~~~~~~~~[m[K
compilation terminated.
gmake[2]: *** [CMakeFiles/ceres_solver_plugin.dir/build.make:76: CMakeFiles/ceres_solver_plugin.dir/solvers/ceres_solver.cpp.o] Error 1
gmake[1]: *** [CMakeFiles/Makefile2:665: CMakeFiles/ceres_solver_plugin.dir/all] Error 2
gmake[1]: *** Waiting for unfinished jobs....
[ 77%] [32mBuilding C object CMakeFiles/slam_toolbox__rosidl_generator_py.dir/rosidl_generator_py/slam_toolbox/srv/_serialize_pose_graph_s.c.o[0m
[ 78%] [32m[1mLinking C shared library rosidl_generator_py/slam_toolbox/libslam_toolbox__rosidl_generator_py.so[0m
[ 78%] Built target slam_toolbox__rosidl_generator_py
gmake[2]: *** [CMakeFiles/toolbox_common.dir/build.make:76: CMakeFiles/toolbox_common.dir/src/slam_toolbox_common.cpp.o] Interrupt
gmake[1]: *** [CMakeFiles/Makefile2:693: CMakeFiles/toolbox_common.dir/all] Interrupt
gmake: *** [Makefile:146: all] Interrupt
