[0.098s] Invoking command in '/home/ubuntu/ros2-slam-basic/build/slam_toolbox': CMAKE_PREFIX_PATH=${CMAKE_PREFIX_PATH}:/home/ubuntu/turtlebot3_ws/install/turtlebot3_teleop:/home/ubuntu/turtlebot3_ws/install/turtlebot3_example:/opt/ros/humble /usr/bin/cmake --build /home/ubuntu/ros2-slam-basic/build/slam_toolbox -- -j4 -l4
[0.645s] [35m[1mConsolidate compiler generated dependencies of target kartoSlamToolbox[0m
[0.664s] [35m[1mConsolidate compiler generated dependencies of target slam_toolbox__rosidl_generator_c[0m
[0.719s] [  0%] Built target slam_toolbox__cpp
[0.769s] [  0%] Built target ament_cmake_python_copy_slam_toolbox
[0.811s] [  9%] Built target slam_toolbox__rosidl_generator_c
[0.905s] [35m[1mConsolidate compiler generated dependencies of target slam_toolbox__rosidl_typesupport_cpp[0m
[0.967s] [35m[1mConsolidate compiler generated dependencies of target slam_toolbox__rosidl_typesupport_fastrtps_cpp[0m
[0.981s] [35m[1mConsolidate compiler generated dependencies of target slam_toolbox__rosidl_typesupport_introspection_cpp[0m
[1.055s] [ 18%] Built target slam_toolbox__rosidl_typesupport_cpp
[1.137s] [ 27%] Built target slam_toolbox__rosidl_typesupport_fastrtps_cpp
[1.244s] [ 36%] Built target slam_toolbox__rosidl_typesupport_introspection_cpp
[1.292s] [ 38%] Built target kartoSlamToolbox
[1.308s] [35m[1mConsolidate compiler generated dependencies of target SlamToolboxPlugin[0m
[1.376s] [35m[1mConsolidate compiler generated dependencies of target slam_toolbox__rosidl_typesupport_fastrtps_c[0m
[1.630s] [ 47%] Built target slam_toolbox__rosidl_typesupport_fastrtps_c
[1.642s] [35m[1mConsolidate compiler generated dependencies of target slam_toolbox__rosidl_typesupport_introspection_c[0m
[1.754s] [ 56%] Built target slam_toolbox__rosidl_typesupport_introspection_c
[1.915s] [35m[1mConsolidate compiler generated dependencies of target slam_toolbox__rosidl_typesupport_c[0m
[2.027s] [ 57%] [32mBuilding CXX object CMakeFiles/ceres_solver_plugin.dir/solvers/ceres_solver.cpp.o[0m
[2.074s] [ 59%] Built target SlamToolboxPlugin
[2.088s] [ 68%] Built target slam_toolbox__rosidl_typesupport_c
[2.258s] [35m[1mConsolidate compiler generated dependencies of target toolbox_common[0m
[2.352s] [ 68%] Built target slam_toolbox
[2.662s] [ 69%] [34m[1mGenerating Python code for ROS interfaces[0m
[2.849s] [ 70%] [32mBuilding CXX object CMakeFiles/toolbox_common.dir/src/slam_toolbox_common.cpp.o[0m
[3.076s] running egg_info
[3.081s] writing slam_toolbox.egg-info/PKG-INFO
[3.084s] writing dependency_links to slam_toolbox.egg-info/dependency_links.txt
[3.086s] writing top-level names to slam_toolbox.egg-info/top_level.txt
[3.099s] reading manifest file 'slam_toolbox.egg-info/SOURCES.txt'
[3.111s] writing manifest file 'slam_toolbox.egg-info/SOURCES.txt'
[3.476s] [ 70%] Built target ament_cmake_python_build_slam_toolbox_egg
[19.865s] [ 70%] Built target slam_toolbox__py
[20.194s] [ 70%] [32mBuilding C object CMakeFiles/slam_toolbox__rosidl_generator_py.dir/rosidl_generator_py/slam_toolbox/srv/_reset_s.c.o[0m
[20.294s] [ 71%] [32mBuilding C object CMakeFiles/slam_toolbox__rosidl_generator_py.dir/rosidl_generator_py/slam_toolbox/srv/_pause_s.c.o[0m
[23.496s] [ 72%] [32mBuilding C object CMakeFiles/slam_toolbox__rosidl_generator_py.dir/rosidl_generator_py/slam_toolbox/srv/_clear_queue_s.c.o[0m
[23.543s] [ 73%] [32mBuilding C object CMakeFiles/slam_toolbox__rosidl_generator_py.dir/rosidl_generator_py/slam_toolbox/srv/_toggle_interactive_s.c.o[0m
[25.873s] [ 73%] [32mBuilding C object CMakeFiles/slam_toolbox__rosidl_generator_py.dir/rosidl_generator_py/slam_toolbox/srv/_clear_s.c.o[0m
[25.975s] [ 74%] [32mBuilding C object CMakeFiles/slam_toolbox__rosidl_generator_py.dir/rosidl_generator_py/slam_toolbox/srv/_save_map_s.c.o[0m
[28.452s] [ 75%] [32mBuilding C object CMakeFiles/slam_toolbox__rosidl_generator_py.dir/rosidl_generator_py/slam_toolbox/srv/_loop_closure_s.c.o[0m
[29.189s] [ 75%] [32mBuilding C object CMakeFiles/slam_toolbox__rosidl_generator_py.dir/rosidl_generator_py/slam_toolbox/srv/_merge_maps_s.c.o[0m
[31.353s] [ 76%] [32mBuilding C object CMakeFiles/slam_toolbox__rosidl_generator_py.dir/rosidl_generator_py/slam_toolbox/srv/_add_submap_s.c.o[0m
[31.378s] [ 77%] [32mBuilding C object CMakeFiles/slam_toolbox__rosidl_generator_py.dir/rosidl_generator_py/slam_toolbox/srv/_deserialize_pose_graph_s.c.o[0m
[34.581s] In file included from [01m[K/home/ubuntu/ros2-slam-basic/src/slam_toolbox/solvers/ceres_solver.hpp:17[m[K,
[34.582s]                  from [01m[K/home/ubuntu/ros2-slam-basic/src/slam_toolbox/solvers/ceres_solver.cpp:9[m[K:
[34.584s] [01m[K/home/ubuntu/ros2-slam-basic/src/slam_toolbox/solvers/ceres_utils.h:10:10:[m[K [01;31m[Kfatal error: [m[Kceres/autodiff_manifold.h: No such file or directory
[34.585s]    10 | #include [01;31m[K<ceres/autodiff_manifold.h>[m[K
[34.585s]       |          [01;31m[K^~~~~~~~~~~~~~~~~~~~~~~~~~~[m[K
[34.586s] compilation terminated.
[34.666s] gmake[2]: *** [CMakeFiles/ceres_solver_plugin.dir/build.make:76: CMakeFiles/ceres_solver_plugin.dir/solvers/ceres_solver.cpp.o] Error 1
[34.667s] gmake[1]: *** [CMakeFiles/Makefile2:665: CMakeFiles/ceres_solver_plugin.dir/all] Error 2
[34.668s] gmake[1]: *** Waiting for unfinished jobs....
[34.836s] [ 77%] [32mBuilding C object CMakeFiles/slam_toolbox__rosidl_generator_py.dir/rosidl_generator_py/slam_toolbox/srv/_serialize_pose_graph_s.c.o[0m
[37.618s] [ 78%] [32m[1mLinking C shared library rosidl_generator_py/slam_toolbox/libslam_toolbox__rosidl_generator_py.so[0m
[38.533s] [ 78%] Built target slam_toolbox__rosidl_generator_py
[81.383s] gmake[2]: *** [CMakeFiles/toolbox_common.dir/build.make:76: CMakeFiles/toolbox_common.dir/src/slam_toolbox_common.cpp.o] Interrupt
[81.469s] gmake[1]: *** [CMakeFiles/Makefile2:693: CMakeFiles/toolbox_common.dir/all] Interrupt
[81.493s] gmake: *** [Makefile:146: all] Interrupt
