[0.096s] Invoking command in '/home/ubuntu/ros2-slam-basic/build/serial_motor_demo_msgs': CMAKE_PREFIX_PATH=${CMAKE_PREFIX_PATH}:/home/ubuntu/turtlebot3_ws/install/turtlebot3_teleop:/home/ubuntu/turtlebot3_ws/install/turtlebot3_example:/opt/ros/humble /usr/bin/cmake /home/ubuntu/ros2-slam-basic/src/serial_motor_demo/serial_motor_demo_msgs -DCMAKE_INSTALL_PREFIX=/home/ubuntu/ros2-slam-basic/install/serial_motor_demo_msgs
[0.426s] -- The C compiler identification is GNU 11.4.0
[0.791s] -- The CXX compiler identification is GNU 11.4.0
[0.841s] -- Detecting C compiler ABI info
[1.332s] -- Detecting C compiler ABI info - done
[1.403s] -- Check for working C compiler: /usr/bin/cc - skipped
[1.413s] -- Detecting C compile features
[1.416s] -- Detecting C compile features - done
[1.455s] -- Detecting CXX compiler ABI info
[2.008s] -- Detecting CXX compiler ABI info - done
[2.060s] -- Check for working CXX compiler: /usr/bin/c++ - skipped
[2.065s] -- Detecting CXX compile features
[2.069s] -- Detecting CXX compile features - done
[2.116s] -- Found ament_cmake: 1.3.11 (/opt/ros/humble/share/ament_cmake/cmake)
[3.780s] -- Found Python3: /usr/bin/python3 (found version "3.10.12") found components: Interpreter 
[4.782s] -- Found ament_lint_auto: 0.12.12 (/opt/ros/humble/share/ament_lint_auto/cmake)
[5.498s] -- Found rosidl_default_generators: 1.2.0 (/opt/ros/humble/share/rosidl_default_generators/cmake)
[5.542s] -- Using all available rosidl_typesupport_c: rosidl_typesupport_fastrtps_c;rosidl_typesupport_introspection_c
[5.649s] -- Found rosidl_adapter: 3.1.6 (/opt/ros/humble/share/rosidl_adapter/cmake)
[6.113s] -- Using all available rosidl_typesupport_cpp: rosidl_typesupport_fastrtps_cpp;rosidl_typesupport_introspection_cpp
[7.594s] -- Found ament_cmake_ros: 0.10.0 (/opt/ros/humble/share/ament_cmake_ros/cmake)
[8.753s] -- Using all available rosidl_typesupport_c: rosidl_typesupport_fastrtps_c;rosidl_typesupport_introspection_c
[10.254s] -- Using all available rosidl_typesupport_cpp: rosidl_typesupport_fastrtps_cpp;rosidl_typesupport_introspection_cpp
[10.391s] -- Found PythonInterp: /usr/bin/python3 (found suitable version "3.10.12", minimum required is "3.6") 
[10.422s] -- Found python_cmake_module: 0.10.0 (/opt/ros/humble/share/python_cmake_module/cmake)
[10.573s] -- Found PythonLibs: /usr/lib/aarch64-linux-gnu/libpython3.10.so (found suitable version "3.10.12", minimum required is "3.5") 
[10.574s] -- Using PYTHON_EXECUTABLE: /usr/bin/python3
[10.575s] -- Using PYTHON_INCLUDE_DIRS: /usr/include/python3.10
[10.576s] -- Using PYTHON_LIBRARIES: /usr/lib/aarch64-linux-gnu/libpython3.10.so
[10.705s] -- Found PythonExtra: .so  
[10.928s] -- Added test 'copyright' to check source files copyright and LICENSE
[10.947s] -- Added test 'lint_cmake' to check CMake code style
[10.959s] -- Added test 'xmllint' to check XML markup files
[11.005s] -- Configuring done
[11.305s] -- Generating done
[11.373s] -- Build files have been written to: /home/ubuntu/ros2-slam-basic/build/serial_motor_demo_msgs
[11.399s] Invoked command in '/home/ubuntu/ros2-slam-basic/build/serial_motor_demo_msgs' returned '0': CMAKE_PREFIX_PATH=${CMAKE_PREFIX_PATH}:/home/ubuntu/turtlebot3_ws/install/turtlebot3_teleop:/home/ubuntu/turtlebot3_ws/install/turtlebot3_example:/opt/ros/humble /usr/bin/cmake /home/ubuntu/ros2-slam-basic/src/serial_motor_demo/serial_motor_demo_msgs -DCMAKE_INSTALL_PREFIX=/home/ubuntu/ros2-slam-basic/install/serial_motor_demo_msgs
[11.418s] Invoking command in '/home/ubuntu/ros2-slam-basic/build/serial_motor_demo_msgs': CMAKE_PREFIX_PATH=${CMAKE_PREFIX_PATH}:/home/ubuntu/turtlebot3_ws/install/turtlebot3_teleop:/home/ubuntu/turtlebot3_ws/install/turtlebot3_example:/opt/ros/humble /usr/bin/cmake --build /home/ubuntu/ros2-slam-basic/build/serial_motor_demo_msgs -- -j4 -l4
[11.852s] [  2%] [34m[1mGenerating C code for ROS interfaces[0m
[11.991s] [  4%] [34m[1mGenerating C++ code for ROS interfaces[0m
[12.034s] [  4%] Built target ament_cmake_python_copy_serial_motor_demo_msgs
[14.064s] running egg_info
[14.067s] creating serial_motor_demo_msgs.egg-info
[14.068s] writing serial_motor_demo_msgs.egg-info/PKG-INFO
[14.069s] writing dependency_links to serial_motor_demo_msgs.egg-info/dependency_links.txt
[14.071s] writing top-level names to serial_motor_demo_msgs.egg-info/top_level.txt
[14.072s] writing manifest file 'serial_motor_demo_msgs.egg-info/SOURCES.txt'
[14.082s] reading manifest file 'serial_motor_demo_msgs.egg-info/SOURCES.txt'
[14.086s] writing manifest file 'serial_motor_demo_msgs.egg-info/SOURCES.txt'
[14.277s] [  4%] Built target ament_cmake_python_build_serial_motor_demo_msgs_egg
[16.308s] [  4%] Built target serial_motor_demo_msgs__cpp
[16.413s] [  6%] [34m[1mGenerating C++ type support for eProsima Fast-RTPS[0m
[16.655s] [  8%] [34m[1mGenerating C++ introspection for ROS interfaces[0m
[17.123s] [ 10%] [34m[1mGenerating C++ type support dispatch for ROS interfaces[0m
[17.287s] [ 12%] [32mBuilding C object CMakeFiles/serial_motor_demo_msgs__rosidl_generator_c.dir/rosidl_generator_c/serial_motor_demo_msgs/msg/detail/motor_command__functions.c.o[0m
[18.239s] [ 14%] [32mBuilding C object CMakeFiles/serial_motor_demo_msgs__rosidl_generator_c.dir/rosidl_generator_c/serial_motor_demo_msgs/msg/detail/motor_vels__functions.c.o[0m
[19.204s] [ 17%] [32mBuilding C object CMakeFiles/serial_motor_demo_msgs__rosidl_generator_c.dir/rosidl_generator_c/serial_motor_demo_msgs/msg/detail/encoder_vals__functions.c.o[0m
[20.208s] [ 19%] [32m[1mLinking C shared library libserial_motor_demo_msgs__rosidl_generator_c.so[0m
[20.717s] [ 19%] Built target serial_motor_demo_msgs__rosidl_generator_c
[20.783s] [ 21%] [34m[1mGenerating C type support for eProsima Fast-RTPS[0m
[21.757s] [ 23%] [32mBuilding CXX object CMakeFiles/serial_motor_demo_msgs__rosidl_typesupport_cpp.dir/rosidl_typesupport_cpp/serial_motor_demo_msgs/msg/motor_command__type_support.cpp.o[0m
[22.067s] [ 25%] [32mBuilding CXX object CMakeFiles/serial_motor_demo_msgs__rosidl_typesupport_introspection_cpp.dir/rosidl_typesupport_introspection_cpp/serial_motor_demo_msgs/msg/detail/motor_command__type_support.cpp.o[0m
[23.147s] [ 27%] [32mBuilding CXX object CMakeFiles/serial_motor_demo_msgs__rosidl_typesupport_fastrtps_cpp.dir/rosidl_typesupport_fastrtps_cpp/serial_motor_demo_msgs/msg/detail/dds_fastrtps/motor_command__type_support.cpp.o[0m
[27.497s] [ 29%] [32mBuilding CXX object CMakeFiles/serial_motor_demo_msgs__rosidl_typesupport_fastrtps_c.dir/rosidl_typesupport_fastrtps_c/serial_motor_demo_msgs/msg/detail/motor_command__type_support_c.cpp.o[0m
[28.436s] [ 31%] [32mBuilding CXX object CMakeFiles/serial_motor_demo_msgs__rosidl_typesupport_cpp.dir/rosidl_typesupport_cpp/serial_motor_demo_msgs/msg/motor_vels__type_support.cpp.o[0m
[30.102s] [ 34%] [32mBuilding CXX object CMakeFiles/serial_motor_demo_msgs__rosidl_typesupport_introspection_cpp.dir/rosidl_typesupport_introspection_cpp/serial_motor_demo_msgs/msg/detail/motor_vels__type_support.cpp.o[0m
[31.112s] [ 36%] [32mBuilding CXX object CMakeFiles/serial_motor_demo_msgs__rosidl_typesupport_fastrtps_cpp.dir/rosidl_typesupport_fastrtps_cpp/serial_motor_demo_msgs/msg/detail/dds_fastrtps/motor_vels__type_support.cpp.o[0m
[32.700s] [ 38%] [32mBuilding CXX object CMakeFiles/serial_motor_demo_msgs__rosidl_typesupport_cpp.dir/rosidl_typesupport_cpp/serial_motor_demo_msgs/msg/encoder_vals__type_support.cpp.o[0m
[34.638s] [ 40%] [32mBuilding CXX object CMakeFiles/serial_motor_demo_msgs__rosidl_typesupport_fastrtps_c.dir/rosidl_typesupport_fastrtps_c/serial_motor_demo_msgs/msg/detail/motor_vels__type_support_c.cpp.o[0m
[37.377s] [ 42%] [32mBuilding CXX object CMakeFiles/serial_motor_demo_msgs__rosidl_typesupport_introspection_cpp.dir/rosidl_typesupport_introspection_cpp/serial_motor_demo_msgs/msg/detail/encoder_vals__type_support.cpp.o[0m
[38.782s] [ 44%] [32m[1mLinking CXX shared library libserial_motor_demo_msgs__rosidl_typesupport_cpp.so[0m
[39.182s] [ 46%] [32mBuilding CXX object CMakeFiles/serial_motor_demo_msgs__rosidl_typesupport_fastrtps_cpp.dir/rosidl_typesupport_fastrtps_cpp/serial_motor_demo_msgs/msg/detail/dds_fastrtps/encoder_vals__type_support.cpp.o[0m
[39.326s] [ 46%] Built target serial_motor_demo_msgs__rosidl_typesupport_cpp
[40.268s] [ 48%] [32mBuilding CXX object CMakeFiles/serial_motor_demo_msgs__rosidl_typesupport_fastrtps_c.dir/rosidl_typesupport_fastrtps_c/serial_motor_demo_msgs/msg/detail/encoder_vals__type_support_c.cpp.o[0m
[43.380s] [ 51%] [32m[1mLinking CXX shared library libserial_motor_demo_msgs__rosidl_typesupport_introspection_cpp.so[0m
[44.140s] [ 51%] Built target serial_motor_demo_msgs__rosidl_typesupport_introspection_cpp
[52.055s] [ 55%] [32m[1mLinking CXX shared library libserial_motor_demo_msgs__rosidl_typesupport_fastrtps_c.so[0m
[52.059s] [ 53%] [32m[1mLinking CXX shared library libserial_motor_demo_msgs__rosidl_typesupport_fastrtps_cpp.so[0m
[53.092s] [ 55%] Built target serial_motor_demo_msgs__rosidl_typesupport_fastrtps_cpp
[53.095s] [ 55%] Built target serial_motor_demo_msgs__rosidl_typesupport_fastrtps_c
[53.315s] [ 57%] [34m[1mGenerating C type support dispatch for ROS interfaces[0m
[68.376s] [ 59%] [32mBuilding CXX object CMakeFiles/serial_motor_demo_msgs__rosidl_typesupport_c.dir/rosidl_typesupport_c/serial_motor_demo_msgs/msg/motor_command__type_support.cpp.o[0m
[68.788s] [ 61%] [32mBuilding CXX object CMakeFiles/serial_motor_demo_msgs__rosidl_typesupport_c.dir/rosidl_typesupport_c/serial_motor_demo_msgs/msg/encoder_vals__type_support.cpp.o[0m
[68.988s] [ 63%] [32mBuilding CXX object CMakeFiles/serial_motor_demo_msgs__rosidl_typesupport_c.dir/rosidl_typesupport_c/serial_motor_demo_msgs/msg/motor_vels__type_support.cpp.o[0m
[69.176s] [ 65%] [32m[1mLinking CXX shared library libserial_motor_demo_msgs__rosidl_typesupport_c.so[0m
[69.533s] [ 65%] Built target serial_motor_demo_msgs__rosidl_typesupport_c
[69.619s] [ 68%] [34m[1mGenerating C introspection for ROS interfaces[0m
[72.229s] [ 70%] [32mBuilding C object CMakeFiles/serial_motor_demo_msgs__rosidl_typesupport_introspection_c.dir/rosidl_typesupport_introspection_c/serial_motor_demo_msgs/msg/detail/motor_command__type_support.c.o[0m
[72.997s] [ 72%] [32mBuilding C object CMakeFiles/serial_motor_demo_msgs__rosidl_typesupport_introspection_c.dir/rosidl_typesupport_introspection_c/serial_motor_demo_msgs/msg/detail/encoder_vals__type_support.c.o[0m
[73.238s] [ 74%] [32mBuilding C object CMakeFiles/serial_motor_demo_msgs__rosidl_typesupport_introspection_c.dir/rosidl_typesupport_introspection_c/serial_motor_demo_msgs/msg/detail/motor_vels__type_support.c.o[0m
[73.497s] [ 76%] [32m[1mLinking C shared library libserial_motor_demo_msgs__rosidl_typesupport_introspection_c.so[0m
[73.708s] [ 76%] Built target serial_motor_demo_msgs__rosidl_typesupport_introspection_c
[73.856s] [ 76%] Built target serial_motor_demo_msgs
[74.001s] [ 78%] [34m[1mGenerating Python code for ROS interfaces[0m
[77.175s] [ 78%] Built target serial_motor_demo_msgs__py
[77.295s] [ 80%] [32mBuilding C object CMakeFiles/serial_motor_demo_msgs__rosidl_generator_py.dir/rosidl_generator_py/serial_motor_demo_msgs/msg/_motor_command_s.c.o[0m
[78.134s] [ 82%] [32mBuilding C object CMakeFiles/serial_motor_demo_msgs__rosidl_generator_py.dir/rosidl_generator_py/serial_motor_demo_msgs/msg/_encoder_vals_s.c.o[0m
[78.714s] [ 85%] [32mBuilding C object CMakeFiles/serial_motor_demo_msgs__rosidl_generator_py.dir/rosidl_generator_py/serial_motor_demo_msgs/msg/_motor_vels_s.c.o[0m
[79.279s] [ 87%] [32m[1mLinking C shared library rosidl_generator_py/serial_motor_demo_msgs/libserial_motor_demo_msgs__rosidl_generator_py.so[0m
[79.522s] [ 87%] Built target serial_motor_demo_msgs__rosidl_generator_py
[79.653s] [ 89%] [32mBuilding C object CMakeFiles/serial_motor_demo_msgs__rosidl_typesupport_fastrtps_c__pyext.dir/rosidl_generator_py/serial_motor_demo_msgs/_serial_motor_demo_msgs_s.ep.rosidl_typesupport_fastrtps_c.c.o[0m
[80.375s] [ 91%] [32m[1mLinking C shared library rosidl_generator_py/serial_motor_demo_msgs/serial_motor_demo_msgs_s__rosidl_typesupport_fastrtps_c.cpython-310-aarch64-linux-gnu.so[0m
[80.605s] [ 91%] Built target serial_motor_demo_msgs__rosidl_typesupport_fastrtps_c__pyext
[80.731s] [ 93%] [32mBuilding C object CMakeFiles/serial_motor_demo_msgs__rosidl_typesupport_c__pyext.dir/rosidl_generator_py/serial_motor_demo_msgs/_serial_motor_demo_msgs_s.ep.rosidl_typesupport_c.c.o[0m
[81.221s] gmake[2]: *** [CMakeFiles/serial_motor_demo_msgs__rosidl_typesupport_c__pyext.dir/build.make:76: CMakeFiles/serial_motor_demo_msgs__rosidl_typesupport_c__pyext.dir/rosidl_generator_py/serial_motor_demo_msgs/_serial_motor_demo_msgs_s.ep.rosidl_typesupport_c.c.o] Interrupt
[81.251s] gmake[1]: *** [CMakeFiles/Makefile2:564: CMakeFiles/serial_motor_demo_msgs__rosidl_typesupport_c__pyext.dir/all] Interrupt
[81.373s] gmake: *** [Makefile:146: all] Interrupt
[82.258s] Invoked command in '/home/ubuntu/ros2-slam-basic/build/serial_motor_demo_msgs' returned '-2': CMAKE_PREFIX_PATH=${CMAKE_PREFIX_PATH}:/home/ubuntu/turtlebot3_ws/install/turtlebot3_teleop:/home/ubuntu/turtlebot3_ws/install/turtlebot3_example:/opt/ros/humble /usr/bin/cmake --build /home/ubuntu/ros2-slam-basic/build/serial_motor_demo_msgs -- -j4 -l4
