[2.931s] Invoking command in '/home/ubuntu/ros2-slam-basic/build/serial_motor_demo': PYTHONPATH=/home/ubuntu/ros2-slam-basic/build/serial_motor_demo/prefix_override:/usr/lib/python3/dist-packages/colcon_core/task/python/colcon_distutils_commands:/home/ubuntu/ros2-slam-basic/install/serial_motor_demo/lib/python3.10/site-packages:${PYTHONPATH} /usr/bin/python3 -W ignore:setup.py install is deprecated -W ignore:easy_install command is deprecated setup.py develop --editable --build-directory /home/ubuntu/ros2-slam-basic/build/serial_motor_demo/build --no-deps symlink_data --force
[4.014s] /usr/lib/python3/dist-packages/setuptools/dist.py:723: UserWarning: Usage of dash-separated 'script-dir' will not be supported in future versions. Please use the underscore name 'script_dir' instead
[4.015s]   warnings.warn(
[4.144s] running develop
[4.868s] running egg_info
[4.869s] writing serial_motor_demo.egg-info/PKG-INFO
[4.870s] writing dependency_links to serial_motor_demo.egg-info/dependency_links.txt
[4.871s] writing entry points to serial_motor_demo.egg-info/entry_points.txt
[4.872s] writing requirements to serial_motor_demo.egg-info/requires.txt
[4.872s] writing top-level names to serial_motor_demo.egg-info/top_level.txt
[4.880s] reading manifest file 'serial_motor_demo.egg-info/SOURCES.txt'
[4.884s] writing manifest file 'serial_motor_demo.egg-info/SOURCES.txt'
[4.891s] running build_ext
[4.891s] Creating /home/ubuntu/ros2-slam-basic/install/serial_motor_demo/lib/python3.10/site-packages/serial-motor-demo.egg-link (link to .)
[4.895s] Installing driver script to /home/ubuntu/ros2-slam-basic/install/serial_motor_demo/lib/serial_motor_demo
[4.896s] Installing gui script to /home/ubuntu/ros2-slam-basic/install/serial_motor_demo/lib/serial_motor_demo
[4.897s] 
[4.898s] Installed /home/ubuntu/ros2-slam-basic/build/serial_motor_demo
[4.898s] running symlink_data
[4.899s] symbolically linking /home/ubuntu/ros2-slam-basic/build/serial_motor_demo/resource/serial_motor_demo -> /home/ubuntu/ros2-slam-basic/install/serial_motor_demo/share/ament_index/resource_index/packages
[4.899s] symbolically linking /home/ubuntu/ros2-slam-basic/build/serial_motor_demo/package.xml -> /home/ubuntu/ros2-slam-basic/install/serial_motor_demo/share/serial_motor_demo
[5.035s] Invoked command in '/home/ubuntu/ros2-slam-basic/build/serial_motor_demo' returned '0': PYTHONPATH=/home/ubuntu/ros2-slam-basic/build/serial_motor_demo/prefix_override:/usr/lib/python3/dist-packages/colcon_core/task/python/colcon_distutils_commands:/home/ubuntu/ros2-slam-basic/install/serial_motor_demo/lib/python3.10/site-packages:${PYTHONPATH} /usr/bin/python3 -W ignore:setup.py install is deprecated -W ignore:easy_install command is deprecated setup.py develop --editable --build-directory /home/ubuntu/ros2-slam-basic/build/serial_motor_demo/build --no-deps symlink_data --force
